======================================================================
PinVol starting up at 5/28/2020 12:21:05 PM
The settings file (C:\Users\Home\Source\Repos\mrloofer\PinVol\PinVol\bin\Debug\PinVolSettings.ini) doesn't seem to exist; using defaults
Hotkeys assigned:
  Global volume up: Windows+F10
  Global volume down: Windows+F9
  Night mode toggle:  Windows+F7
  Mute toggle: Windows+F8
  Table volume up: VolumeUp
  Table volume down: VolumeDown
  Table volume up 2nd device: None
  Table volume down 2nd device: None
  SSF Back Glass volume up: Shift+VolumeUp
  SSF Back Glass volume down: Shift+VolumeDown
  SSF Rear Sides volume up: Ctrl+VolumeUp
  SSF Rear Sides volume down: Ctrl+VolumeDown
  SSF Front Sides volume up: Alt+VolumeUp
  SSF Front Sides volume down: Alt+VolumeDown
Exiting at 5/28/2020 12:21:49 PM
======================================================================
PinVol starting up at 5/28/2020 12:21:52 PM
Hotkeys assigned:
  Global volume up: Windows+F10
  Global volume down: Windows+F9
  Night mode toggle:  Windows+F7
  Mute toggle: Windows+F8
  Table volume up: VolumeUp
  Table volume down: VolumeDown
  Table volume up 2nd device: None
  Table volume down 2nd device: None
  SSF Back Glass volume up: Shift+VolumeUp
  SSF Back Glass volume down: Shift+VolumeDown
  SSF Rear Sides volume up: Ctrl+VolumeUp
  SSF Rear Sides volume down: Ctrl+VolumeDown
  SSF Front Sides volume up: Alt+VolumeUp
  SSF Front Sides volume down: Alt+VolumeDown
Exiting at 5/28/2020 12:22:15 PM
